Started GET "/" for 127.0.0.1 at 2016-08-08 19:34:57 +0300

Gem::LoadError - Specified 'postgresql' for database adapter, but the gem is not loaded. Add `gem 'pg'` to your Gemfile (and ensure its version is at the minimum required by ActiveRecord).:
  activerecord (5.0.0) lib/active_record/connection_adapters/connection_specification.rb:176:in `rescue in spec'
  activerecord (5.0.0) lib/active_record/connection_adapters/connection_specification.rb:173:in `spec'
  activerecord (5.0.0) lib/active_record/connection_handling.rb:53:in `establish_connection'
  activerecord (5.0.0) lib/active_record/railtie.rb:125:in `block (2 levels) in <class:Railtie>'
  activesupport (5.0.0) lib/active_support/lazy_load_hooks.rb:38:in `instance_eval'
  activesupport (5.0.0) lib/active_support/lazy_load_hooks.rb:38:in `execute_hook'
  activesupport (5.0.0) lib/active_support/lazy_load_hooks.rb:45:in `block in run_load_hooks'
  activesupport (5.0.0) lib/active_support/lazy_load_hooks.rb:44:in `each'
  activesupport (5.0.0) lib/active_support/lazy_load_hooks.rb:44:in `run_load_hooks'
  activerecord (5.0.0) lib/active_record/base.rb:324:in `<module:ActiveRecord>'
  activerecord (5.0.0) lib/active_record/base.rb:24:in `<top (required)>'
  activesupport (5.0.0) lib/active_support/dependencies.rb:293:in `require'
  activesupport (5.0.0) lib/active_support/dependencies.rb:293:in `block in require'
  activesupport (5.0.0) lib/active_support/dependencies.rb:259:in `load_dependency'
  activesupport (5.0.0) lib/active_support/dependencies.rb:293:in `require'
  activerecord (5.0.0) lib/active_record/migration.rb:558:in `connection'
  activerecord (5.0.0) lib/active_record/migration.rb:545:in `call'
  actionpack (5.0.0) lib/action_dispatch/middleware/callbacks.rb:38:in `block in call'
  activesupport (5.0.0) lib/active_support/callbacks.rb:97:in `__run_callbacks__'
  activesupport (5.0.0) lib/active_support/callbacks.rb:750:in `_run_call_callbacks'
  activesupport (5.0.0) lib/active_support/callbacks.rb:90:in `run_callbacks'
  actionpack (5.0.0) lib/action_dispatch/middleware/callbacks.rb:36:in `call'
  actionpack (5.0.0) lib/action_dispatch/middleware/executor.rb:12:in `call'
  actionpack (5.0.0) lib/action_dispatch/middleware/remote_ip.rb:79:in `call'
  better_errors (2.1.1) lib/better_errors/middleware.rb:84:in `protected_app_call'
  better_errors (2.1.1) lib/better_errors/middleware.rb:79:in `better_errors_call'
  better_errors (2.1.1) lib/better_errors/middleware.rb:57:in `call'
  actionpack (5.0.0) lib/action_dispatch/middleware/debug_exceptions.rb:49:in `call'
  web-console (3.3.1) lib/web_console/middleware.rb:131:in `call_app'
  web-console (3.3.1) lib/web_console/middleware.rb:28:in `block in call'
  web-console (3.3.1) lib/web_console/middleware.rb:18:in `catch'
  web-console (3.3.1) lib/web_console/middleware.rb:18:in `call'
  actionpack (5.0.0) lib/action_dispatch/middleware/show_exceptions.rb:31:in `call'
  railties (5.0.0) lib/rails/rack/logger.rb:36:in `call_app'
  railties (5.0.0) lib/rails/rack/logger.rb:24:in `block in call'
  activesupport (5.0.0) lib/active_support/tagged_logging.rb:70:in `block in tagged'
  activesupport (5.0.0) lib/active_support/tagged_logging.rb:26:in `tagged'
  activesupport (5.0.0) lib/active_support/tagged_logging.rb:70:in `tagged'
  railties (5.0.0) lib/rails/rack/logger.rb:24:in `call'
  sprockets-rails (3.1.1) lib/sprockets/rails/quiet_assets.rb:13:in `call'
  actionpack (5.0.0) lib/action_dispatch/middleware/request_id.rb:24:in `call'
  rack (2.0.1) lib/rack/method_override.rb:22:in `call'
  rack (2.0.1) lib/rack/runtime.rb:22:in `call'
  activesupport (5.0.0) lib/active_support/cache/strategy/local_cache_middleware.rb:28:in `call'
  actionpack (5.0.0) lib/action_dispatch/middleware/executor.rb:12:in `call'
  actionpack (5.0.0) lib/action_dispatch/middleware/static.rb:136:in `call'
  rack (2.0.1) lib/rack/sendfile.rb:111:in `call'
  railties (5.0.0) lib/rails/engine.rb:522:in `call'
  puma (3.6.0) lib/puma/configuration.rb:225:in `call'
  puma (3.6.0) lib/puma/server.rb:578:in `handle_request'
  puma (3.6.0) lib/puma/server.rb:415:in `process_client'
  puma (3.6.0) lib/puma/server.rb:275:in `block in run'
  puma (3.6.0) lib/puma/thread_pool.rb:116:in `block in spawn_thread'

Started POST "/__better_errors/0d21b27e7e6f4e17/variables" for 127.0.0.1 at 2016-08-08 19:34:58 +0300
Started GET "/" for 127.0.0.1 at 2016-08-08 19:36:00 +0300

Gem::LoadError - Specified 'postgresql' for database adapter, but the gem is not loaded. Add `gem 'pg'` to your Gemfile (and ensure its version is at the minimum required by ActiveRecord).:
  activerecord (5.0.0) lib/active_record/connection_adapters/connection_specification.rb:176:in `rescue in spec'
  activerecord (5.0.0) lib/active_record/connection_adapters/connection_specification.rb:173:in `spec'
  activerecord (5.0.0) lib/active_record/connection_handling.rb:53:in `establish_connection'
  activerecord (5.0.0) lib/active_record/railtie.rb:125:in `block (2 levels) in <class:Railtie>'
  activesupport (5.0.0) lib/active_support/lazy_load_hooks.rb:38:in `instance_eval'
  activesupport (5.0.0) lib/active_support/lazy_load_hooks.rb:38:in `execute_hook'
  activesupport (5.0.0) lib/active_support/lazy_load_hooks.rb:45:in `block in run_load_hooks'
  activesupport (5.0.0) lib/active_support/lazy_load_hooks.rb:44:in `each'
  activesupport (5.0.0) lib/active_support/lazy_load_hooks.rb:44:in `run_load_hooks'
  activerecord (5.0.0) lib/active_record/base.rb:324:in `<module:ActiveRecord>'
  activerecord (5.0.0) lib/active_record/base.rb:24:in `<top (required)>'
  activesupport (5.0.0) lib/active_support/dependencies.rb:293:in `require'
  activesupport (5.0.0) lib/active_support/dependencies.rb:293:in `block in require'
  activesupport (5.0.0) lib/active_support/dependencies.rb:259:in `load_dependency'
  activesupport (5.0.0) lib/active_support/dependencies.rb:293:in `require'
  activerecord (5.0.0) lib/active_record/migration.rb:558:in `connection'
  activerecord (5.0.0) lib/active_record/migration.rb:545:in `call'
  actionpack (5.0.0) lib/action_dispatch/middleware/callbacks.rb:38:in `block in call'
  activesupport (5.0.0) lib/active_support/callbacks.rb:97:in `__run_callbacks__'
  activesupport (5.0.0) lib/active_support/callbacks.rb:750:in `_run_call_callbacks'
  activesupport (5.0.0) lib/active_support/callbacks.rb:90:in `run_callbacks'
  actionpack (5.0.0) lib/action_dispatch/middleware/callbacks.rb:36:in `call'
  actionpack (5.0.0) lib/action_dispatch/middleware/executor.rb:12:in `call'
  actionpack (5.0.0) lib/action_dispatch/middleware/remote_ip.rb:79:in `call'
  better_errors (2.1.1) lib/better_errors/middleware.rb:84:in `protected_app_call'
  better_errors (2.1.1) lib/better_errors/middleware.rb:79:in `better_errors_call'
  better_errors (2.1.1) lib/better_errors/middleware.rb:57:in `call'
  actionpack (5.0.0) lib/action_dispatch/middleware/debug_exceptions.rb:49:in `call'
  web-console (3.3.1) lib/web_console/middleware.rb:131:in `call_app'
  web-console (3.3.1) lib/web_console/middleware.rb:28:in `block in call'
  web-console (3.3.1) lib/web_console/middleware.rb:18:in `catch'
  web-console (3.3.1) lib/web_console/middleware.rb:18:in `call'
  actionpack (5.0.0) lib/action_dispatch/middleware/show_exceptions.rb:31:in `call'
  railties (5.0.0) lib/rails/rack/logger.rb:36:in `call_app'
  railties (5.0.0) lib/rails/rack/logger.rb:24:in `block in call'
  activesupport (5.0.0) lib/active_support/tagged_logging.rb:70:in `block in tagged'
  activesupport (5.0.0) lib/active_support/tagged_logging.rb:26:in `tagged'
  activesupport (5.0.0) lib/active_support/tagged_logging.rb:70:in `tagged'
  railties (5.0.0) lib/rails/rack/logger.rb:24:in `call'
  sprockets-rails (3.1.1) lib/sprockets/rails/quiet_assets.rb:13:in `call'
  actionpack (5.0.0) lib/action_dispatch/middleware/request_id.rb:24:in `call'
  rack (2.0.1) lib/rack/method_override.rb:22:in `call'
  rack (2.0.1) lib/rack/runtime.rb:22:in `call'
  activesupport (5.0.0) lib/active_support/cache/strategy/local_cache_middleware.rb:28:in `call'
  actionpack (5.0.0) lib/action_dispatch/middleware/executor.rb:12:in `call'
  actionpack (5.0.0) lib/action_dispatch/middleware/static.rb:136:in `call'
  rack (2.0.1) lib/rack/sendfile.rb:111:in `call'
  railties (5.0.0) lib/rails/engine.rb:522:in `call'
  puma (3.6.0) lib/puma/configuration.rb:225:in `call'
  puma (3.6.0) lib/puma/server.rb:578:in `handle_request'
  puma (3.6.0) lib/puma/server.rb:415:in `process_client'
  puma (3.6.0) lib/puma/server.rb:275:in `block in run'
  puma (3.6.0) lib/puma/thread_pool.rb:116:in `block in spawn_thread'

Started POST "/__better_errors/4d95758bcf95af75/variables" for 127.0.0.1 at 2016-08-08 19:36:01 +0300
Started GET "/" for 127.0.0.1 at 2016-08-08 19:37:48 +0300

ActiveRecord::ConnectionNotEstablished - No connection pool with id primary found.:
  activerecord (5.0.0) lib/active_record/connection_adapters/abstract/connection_pool.rb:874:in `retrieve_connection'
  activerecord (5.0.0) lib/active_record/connection_handling.rb:128:in `retrieve_connection'
  activerecord (5.0.0) lib/active_record/connection_handling.rb:91:in `connection'
  activerecord (5.0.0) lib/active_record/migration.rb:558:in `connection'
  activerecord (5.0.0) lib/active_record/migration.rb:545:in `call'
  actionpack (5.0.0) lib/action_dispatch/middleware/callbacks.rb:38:in `block in call'
  activesupport (5.0.0) lib/active_support/callbacks.rb:97:in `__run_callbacks__'
  activesupport (5.0.0) lib/active_support/callbacks.rb:750:in `_run_call_callbacks'
  activesupport (5.0.0) lib/active_support/callbacks.rb:90:in `run_callbacks'
  actionpack (5.0.0) lib/action_dispatch/middleware/callbacks.rb:36:in `call'
  actionpack (5.0.0) lib/action_dispatch/middleware/executor.rb:12:in `call'
  actionpack (5.0.0) lib/action_dispatch/middleware/remote_ip.rb:79:in `call'
  better_errors (2.1.1) lib/better_errors/middleware.rb:84:in `protected_app_call'
  better_errors (2.1.1) lib/better_errors/middleware.rb:79:in `better_errors_call'
  better_errors (2.1.1) lib/better_errors/middleware.rb:57:in `call'
  actionpack (5.0.0) lib/action_dispatch/middleware/debug_exceptions.rb:49:in `call'
  web-console (3.3.1) lib/web_console/middleware.rb:131:in `call_app'
  web-console (3.3.1) lib/web_console/middleware.rb:28:in `block in call'
  web-console (3.3.1) lib/web_console/middleware.rb:18:in `catch'
  web-console (3.3.1) lib/web_console/middleware.rb:18:in `call'
  actionpack (5.0.0) lib/action_dispatch/middleware/show_exceptions.rb:31:in `call'
  railties (5.0.0) lib/rails/rack/logger.rb:36:in `call_app'
  railties (5.0.0) lib/rails/rack/logger.rb:24:in `block in call'
  activesupport (5.0.0) lib/active_support/tagged_logging.rb:70:in `block in tagged'
  activesupport (5.0.0) lib/active_support/tagged_logging.rb:26:in `tagged'
  activesupport (5.0.0) lib/active_support/tagged_logging.rb:70:in `tagged'
  railties (5.0.0) lib/rails/rack/logger.rb:24:in `call'
  sprockets-rails (3.1.1) lib/sprockets/rails/quiet_assets.rb:13:in `call'
  actionpack (5.0.0) lib/action_dispatch/middleware/request_id.rb:24:in `call'
  rack (2.0.1) lib/rack/method_override.rb:22:in `call'
  rack (2.0.1) lib/rack/runtime.rb:22:in `call'
  activesupport (5.0.0) lib/active_support/cache/strategy/local_cache_middleware.rb:28:in `call'
  actionpack (5.0.0) lib/action_dispatch/middleware/executor.rb:12:in `call'
  actionpack (5.0.0) lib/action_dispatch/middleware/static.rb:136:in `call'
  rack (2.0.1) lib/rack/sendfile.rb:111:in `call'
  railties (5.0.0) lib/rails/engine.rb:522:in `call'
  puma (3.6.0) lib/puma/configuration.rb:225:in `call'
  puma (3.6.0) lib/puma/server.rb:578:in `handle_request'
  puma (3.6.0) lib/puma/server.rb:415:in `process_client'
  puma (3.6.0) lib/puma/server.rb:275:in `block in run'
  puma (3.6.0) lib/puma/thread_pool.rb:116:in `block in spawn_thread'

Started POST "/__better_errors/d20dd5cf1001c14f/variables" for 127.0.0.1 at 2016-08-08 19:37:48 +0300
Started GET "/" for 127.0.0.1 at 2016-08-08 19:37:59 +0300

Gem::LoadError - Specified 'postgresql' for database adapter, but the gem is not loaded. Add `gem 'pg'` to your Gemfile (and ensure its version is at the minimum required by ActiveRecord).:
  activerecord (5.0.0) lib/active_record/connection_adapters/connection_specification.rb:176:in `rescue in spec'
  activerecord (5.0.0) lib/active_record/connection_adapters/connection_specification.rb:173:in `spec'
  activerecord (5.0.0) lib/active_record/connection_handling.rb:53:in `establish_connection'
  activerecord (5.0.0) lib/active_record/railtie.rb:125:in `block (2 levels) in <class:Railtie>'
  activesupport (5.0.0) lib/active_support/lazy_load_hooks.rb:38:in `instance_eval'
  activesupport (5.0.0) lib/active_support/lazy_load_hooks.rb:38:in `execute_hook'
  activesupport (5.0.0) lib/active_support/lazy_load_hooks.rb:45:in `block in run_load_hooks'
  activesupport (5.0.0) lib/active_support/lazy_load_hooks.rb:44:in `each'
  activesupport (5.0.0) lib/active_support/lazy_load_hooks.rb:44:in `run_load_hooks'
  activerecord (5.0.0) lib/active_record/base.rb:324:in `<module:ActiveRecord>'
  activerecord (5.0.0) lib/active_record/base.rb:24:in `<top (required)>'
  activesupport (5.0.0) lib/active_support/dependencies.rb:293:in `require'
  activesupport (5.0.0) lib/active_support/dependencies.rb:293:in `block in require'
  activesupport (5.0.0) lib/active_support/dependencies.rb:259:in `load_dependency'
  activesupport (5.0.0) lib/active_support/dependencies.rb:293:in `require'
  activerecord (5.0.0) lib/active_record/migration.rb:558:in `connection'
  activerecord (5.0.0) lib/active_record/migration.rb:545:in `call'
  actionpack (5.0.0) lib/action_dispatch/middleware/callbacks.rb:38:in `block in call'
  activesupport (5.0.0) lib/active_support/callbacks.rb:97:in `__run_callbacks__'
  activesupport (5.0.0) lib/active_support/callbacks.rb:750:in `_run_call_callbacks'
  activesupport (5.0.0) lib/active_support/callbacks.rb:90:in `run_callbacks'
  actionpack (5.0.0) lib/action_dispatch/middleware/callbacks.rb:36:in `call'
  actionpack (5.0.0) lib/action_dispatch/middleware/executor.rb:12:in `call'
  actionpack (5.0.0) lib/action_dispatch/middleware/remote_ip.rb:79:in `call'
  better_errors (2.1.1) lib/better_errors/middleware.rb:84:in `protected_app_call'
  better_errors (2.1.1) lib/better_errors/middleware.rb:79:in `better_errors_call'
  better_errors (2.1.1) lib/better_errors/middleware.rb:57:in `call'
  actionpack (5.0.0) lib/action_dispatch/middleware/debug_exceptions.rb:49:in `call'
  web-console (3.3.1) lib/web_console/middleware.rb:131:in `call_app'
  web-console (3.3.1) lib/web_console/middleware.rb:28:in `block in call'
  web-console (3.3.1) lib/web_console/middleware.rb:18:in `catch'
  web-console (3.3.1) lib/web_console/middleware.rb:18:in `call'
  actionpack (5.0.0) lib/action_dispatch/middleware/show_exceptions.rb:31:in `call'
  railties (5.0.0) lib/rails/rack/logger.rb:36:in `call_app'
  railties (5.0.0) lib/rails/rack/logger.rb:24:in `block in call'
  activesupport (5.0.0) lib/active_support/tagged_logging.rb:70:in `block in tagged'
  activesupport (5.0.0) lib/active_support/tagged_logging.rb:26:in `tagged'
  activesupport (5.0.0) lib/active_support/tagged_logging.rb:70:in `tagged'
  railties (5.0.0) lib/rails/rack/logger.rb:24:in `call'
  sprockets-rails (3.1.1) lib/sprockets/rails/quiet_assets.rb:13:in `call'
  actionpack (5.0.0) lib/action_dispatch/middleware/request_id.rb:24:in `call'
  rack (2.0.1) lib/rack/method_override.rb:22:in `call'
  rack (2.0.1) lib/rack/runtime.rb:22:in `call'
  activesupport (5.0.0) lib/active_support/cache/strategy/local_cache_middleware.rb:28:in `call'
  actionpack (5.0.0) lib/action_dispatch/middleware/executor.rb:12:in `call'
  actionpack (5.0.0) lib/action_dispatch/middleware/static.rb:136:in `call'
  rack (2.0.1) lib/rack/sendfile.rb:111:in `call'
  railties (5.0.0) lib/rails/engine.rb:522:in `call'
  puma (3.6.0) lib/puma/configuration.rb:225:in `call'
  puma (3.6.0) lib/puma/server.rb:578:in `handle_request'
  puma (3.6.0) lib/puma/server.rb:415:in `process_client'
  puma (3.6.0) lib/puma/server.rb:275:in `block in run'
  puma (3.6.0) lib/puma/thread_pool.rb:116:in `block in spawn_thread'

Started POST "/__better_errors/7bd6871ea6d71a4e/variables" for 127.0.0.1 at 2016-08-08 19:38:00 +0300
Started GET "/" for 127.0.0.1 at 2016-08-08 19:39:52 +0300

ActiveRecord::ConnectionNotEstablished - No connection pool with id primary found.:
  activerecord (5.0.0) lib/active_record/connection_adapters/abstract/connection_pool.rb:874:in `retrieve_connection'
  activerecord (5.0.0) lib/active_record/connection_handling.rb:128:in `retrieve_connection'
  activerecord (5.0.0) lib/active_record/connection_handling.rb:91:in `connection'
  activerecord (5.0.0) lib/active_record/migration.rb:558:in `connection'
  activerecord (5.0.0) lib/active_record/migration.rb:545:in `call'
  actionpack (5.0.0) lib/action_dispatch/middleware/callbacks.rb:38:in `block in call'
  activesupport (5.0.0) lib/active_support/callbacks.rb:97:in `__run_callbacks__'
  activesupport (5.0.0) lib/active_support/callbacks.rb:750:in `_run_call_callbacks'
  activesupport (5.0.0) lib/active_support/callbacks.rb:90:in `run_callbacks'
  actionpack (5.0.0) lib/action_dispatch/middleware/callbacks.rb:36:in `call'
  actionpack (5.0.0) lib/action_dispatch/middleware/executor.rb:12:in `call'
  actionpack (5.0.0) lib/action_dispatch/middleware/remote_ip.rb:79:in `call'
  better_errors (2.1.1) lib/better_errors/middleware.rb:84:in `protected_app_call'
  better_errors (2.1.1) lib/better_errors/middleware.rb:79:in `better_errors_call'
  better_errors (2.1.1) lib/better_errors/middleware.rb:57:in `call'
  actionpack (5.0.0) lib/action_dispatch/middleware/debug_exceptions.rb:49:in `call'
  web-console (3.3.1) lib/web_console/middleware.rb:131:in `call_app'
  web-console (3.3.1) lib/web_console/middleware.rb:28:in `block in call'
  web-console (3.3.1) lib/web_console/middleware.rb:18:in `catch'
  web-console (3.3.1) lib/web_console/middleware.rb:18:in `call'
  actionpack (5.0.0) lib/action_dispatch/middleware/show_exceptions.rb:31:in `call'
  railties (5.0.0) lib/rails/rack/logger.rb:36:in `call_app'
  railties (5.0.0) lib/rails/rack/logger.rb:24:in `block in call'
  activesupport (5.0.0) lib/active_support/tagged_logging.rb:70:in `block in tagged'
  activesupport (5.0.0) lib/active_support/tagged_logging.rb:26:in `tagged'
  activesupport (5.0.0) lib/active_support/tagged_logging.rb:70:in `tagged'
  railties (5.0.0) lib/rails/rack/logger.rb:24:in `call'
  sprockets-rails (3.1.1) lib/sprockets/rails/quiet_assets.rb:13:in `call'
  actionpack (5.0.0) lib/action_dispatch/middleware/request_id.rb:24:in `call'
  rack (2.0.1) lib/rack/method_override.rb:22:in `call'
  rack (2.0.1) lib/rack/runtime.rb:22:in `call'
  activesupport (5.0.0) lib/active_support/cache/strategy/local_cache_middleware.rb:28:in `call'
  actionpack (5.0.0) lib/action_dispatch/middleware/executor.rb:12:in `call'
  actionpack (5.0.0) lib/action_dispatch/middleware/static.rb:136:in `call'
  rack (2.0.1) lib/rack/sendfile.rb:111:in `call'
  railties (5.0.0) lib/rails/engine.rb:522:in `call'
  puma (3.6.0) lib/puma/configuration.rb:225:in `call'
  puma (3.6.0) lib/puma/server.rb:578:in `handle_request'
  puma (3.6.0) lib/puma/server.rb:415:in `process_client'
  puma (3.6.0) lib/puma/server.rb:275:in `block in run'
  puma (3.6.0) lib/puma/thread_pool.rb:116:in `block in spawn_thread'

Started POST "/__better_errors/312963dc508da5df/variables" for 127.0.0.1 at 2016-08-08 19:39:52 +0300
Started GET "/" for 127.0.0.1 at 2016-08-08 19:40:40 +0300

Gem::LoadError - Specified 'postgresql' for database adapter, but the gem is not loaded. Add `gem 'pg'` to your Gemfile (and ensure its version is at the minimum required by ActiveRecord).:
  activerecord (5.0.0) lib/active_record/connection_adapters/connection_specification.rb:176:in `rescue in spec'
  activerecord (5.0.0) lib/active_record/connection_adapters/connection_specification.rb:173:in `spec'
  activerecord (5.0.0) lib/active_record/connection_handling.rb:53:in `establish_connection'
  activerecord (5.0.0) lib/active_record/railtie.rb:125:in `block (2 levels) in <class:Railtie>'
  activesupport (5.0.0) lib/active_support/lazy_load_hooks.rb:38:in `instance_eval'
  activesupport (5.0.0) lib/active_support/lazy_load_hooks.rb:38:in `execute_hook'
  activesupport (5.0.0) lib/active_support/lazy_load_hooks.rb:45:in `block in run_load_hooks'
  activesupport (5.0.0) lib/active_support/lazy_load_hooks.rb:44:in `each'
  activesupport (5.0.0) lib/active_support/lazy_load_hooks.rb:44:in `run_load_hooks'
  activerecord (5.0.0) lib/active_record/base.rb:324:in `<module:ActiveRecord>'
  activerecord (5.0.0) lib/active_record/base.rb:24:in `<top (required)>'
  activesupport (5.0.0) lib/active_support/dependencies.rb:293:in `require'
  activesupport (5.0.0) lib/active_support/dependencies.rb:293:in `block in require'
  activesupport (5.0.0) lib/active_support/dependencies.rb:259:in `load_dependency'
  activesupport (5.0.0) lib/active_support/dependencies.rb:293:in `require'
  activerecord (5.0.0) lib/active_record/migration.rb:558:in `connection'
  activerecord (5.0.0) lib/active_record/migration.rb:545:in `call'
  actionpack (5.0.0) lib/action_dispatch/middleware/callbacks.rb:38:in `block in call'
  activesupport (5.0.0) lib/active_support/callbacks.rb:97:in `__run_callbacks__'
  activesupport (5.0.0) lib/active_support/callbacks.rb:750:in `_run_call_callbacks'
  activesupport (5.0.0) lib/active_support/callbacks.rb:90:in `run_callbacks'
  actionpack (5.0.0) lib/action_dispatch/middleware/callbacks.rb:36:in `call'
  actionpack (5.0.0) lib/action_dispatch/middleware/executor.rb:12:in `call'
  actionpack (5.0.0) lib/action_dispatch/middleware/remote_ip.rb:79:in `call'
  better_errors (2.1.1) lib/better_errors/middleware.rb:84:in `protected_app_call'
  better_errors (2.1.1) lib/better_errors/middleware.rb:79:in `better_errors_call'
  better_errors (2.1.1) lib/better_errors/middleware.rb:57:in `call'
  actionpack (5.0.0) lib/action_dispatch/middleware/debug_exceptions.rb:49:in `call'
  web-console (3.3.1) lib/web_console/middleware.rb:131:in `call_app'
  web-console (3.3.1) lib/web_console/middleware.rb:28:in `block in call'
  web-console (3.3.1) lib/web_console/middleware.rb:18:in `catch'
  web-console (3.3.1) lib/web_console/middleware.rb:18:in `call'
  actionpack (5.0.0) lib/action_dispatch/middleware/show_exceptions.rb:31:in `call'
  railties (5.0.0) lib/rails/rack/logger.rb:36:in `call_app'
  railties (5.0.0) lib/rails/rack/logger.rb:24:in `block in call'
  activesupport (5.0.0) lib/active_support/tagged_logging.rb:70:in `block in tagged'
  activesupport (5.0.0) lib/active_support/tagged_logging.rb:26:in `tagged'
  activesupport (5.0.0) lib/active_support/tagged_logging.rb:70:in `tagged'
  railties (5.0.0) lib/rails/rack/logger.rb:24:in `call'
  sprockets-rails (3.1.1) lib/sprockets/rails/quiet_assets.rb:13:in `call'
  actionpack (5.0.0) lib/action_dispatch/middleware/request_id.rb:24:in `call'
  rack (2.0.1) lib/rack/method_override.rb:22:in `call'
  rack (2.0.1) lib/rack/runtime.rb:22:in `call'
  activesupport (5.0.0) lib/active_support/cache/strategy/local_cache_middleware.rb:28:in `call'
  actionpack (5.0.0) lib/action_dispatch/middleware/executor.rb:12:in `call'
  actionpack (5.0.0) lib/action_dispatch/middleware/static.rb:136:in `call'
  rack (2.0.1) lib/rack/sendfile.rb:111:in `call'
  railties (5.0.0) lib/rails/engine.rb:522:in `call'
  puma (3.6.0) lib/puma/configuration.rb:225:in `call'
  puma (3.6.0) lib/puma/server.rb:578:in `handle_request'
  puma (3.6.0) lib/puma/server.rb:415:in `process_client'
  puma (3.6.0) lib/puma/server.rb:275:in `block in run'
  puma (3.6.0) lib/puma/thread_pool.rb:116:in `block in spawn_thread'

Started POST "/__better_errors/b3270ea300dbae07/variables" for 127.0.0.1 at 2016-08-08 19:40:40 +0300
Started POST "/__better_errors/b3270ea300dbae07/variables" for 127.0.0.1 at 2016-08-08 19:41:01 +0300
Started POST "/__better_errors/b3270ea300dbae07/variables" for 127.0.0.1 at 2016-08-08 19:41:09 +0300
Started GET "/" for 127.0.0.1 at 2016-08-08 19:44:16 +0300

Gem::LoadError - Specified 'postgresql' for database adapter, but the gem is not loaded. Add `gem 'pg'` to your Gemfile (and ensure its version is at the minimum required by ActiveRecord).:
  activerecord (5.0.0) lib/active_record/connection_adapters/connection_specification.rb:176:in `rescue in spec'
  activerecord (5.0.0) lib/active_record/connection_adapters/connection_specification.rb:173:in `spec'
  activerecord (5.0.0) lib/active_record/connection_handling.rb:53:in `establish_connection'
  activerecord (5.0.0) lib/active_record/railtie.rb:125:in `block (2 levels) in <class:Railtie>'
  activesupport (5.0.0) lib/active_support/lazy_load_hooks.rb:38:in `instance_eval'
  activesupport (5.0.0) lib/active_support/lazy_load_hooks.rb:38:in `execute_hook'
  activesupport (5.0.0) lib/active_support/lazy_load_hooks.rb:45:in `block in run_load_hooks'
  activesupport (5.0.0) lib/active_support/lazy_load_hooks.rb:44:in `each'
  activesupport (5.0.0) lib/active_support/lazy_load_hooks.rb:44:in `run_load_hooks'
  activerecord (5.0.0) lib/active_record/base.rb:324:in `<module:ActiveRecord>'
  activerecord (5.0.0) lib/active_record/base.rb:24:in `<top (required)>'
  activesupport (5.0.0) lib/active_support/dependencies.rb:293:in `require'
  activesupport (5.0.0) lib/active_support/dependencies.rb:293:in `block in require'
  activesupport (5.0.0) lib/active_support/dependencies.rb:259:in `load_dependency'
  activesupport (5.0.0) lib/active_support/dependencies.rb:293:in `require'
  activerecord (5.0.0) lib/active_record/migration.rb:558:in `connection'
  activerecord (5.0.0) lib/active_record/migration.rb:545:in `call'
  actionpack (5.0.0) lib/action_dispatch/middleware/callbacks.rb:38:in `block in call'
  activesupport (5.0.0) lib/active_support/callbacks.rb:97:in `__run_callbacks__'
  activesupport (5.0.0) lib/active_support/callbacks.rb:750:in `_run_call_callbacks'
  activesupport (5.0.0) lib/active_support/callbacks.rb:90:in `run_callbacks'
  actionpack (5.0.0) lib/action_dispatch/middleware/callbacks.rb:36:in `call'
  actionpack (5.0.0) lib/action_dispatch/middleware/executor.rb:12:in `call'
  actionpack (5.0.0) lib/action_dispatch/middleware/remote_ip.rb:79:in `call'
  better_errors (2.1.1) lib/better_errors/middleware.rb:84:in `protected_app_call'
  better_errors (2.1.1) lib/better_errors/middleware.rb:79:in `better_errors_call'
  better_errors (2.1.1) lib/better_errors/middleware.rb:57:in `call'
  actionpack (5.0.0) lib/action_dispatch/middleware/debug_exceptions.rb:49:in `call'
  web-console (3.3.1) lib/web_console/middleware.rb:131:in `call_app'
  web-console (3.3.1) lib/web_console/middleware.rb:28:in `block in call'
  web-console (3.3.1) lib/web_console/middleware.rb:18:in `catch'
  web-console (3.3.1) lib/web_console/middleware.rb:18:in `call'
  actionpack (5.0.0) lib/action_dispatch/middleware/show_exceptions.rb:31:in `call'
  railties (5.0.0) lib/rails/rack/logger.rb:36:in `call_app'
  railties (5.0.0) lib/rails/rack/logger.rb:24:in `block in call'
  activesupport (5.0.0) lib/active_support/tagged_logging.rb:70:in `block in tagged'
  activesupport (5.0.0) lib/active_support/tagged_logging.rb:26:in `tagged'
  activesupport (5.0.0) lib/active_support/tagged_logging.rb:70:in `tagged'
  railties (5.0.0) lib/rails/rack/logger.rb:24:in `call'
  sprockets-rails (3.1.1) lib/sprockets/rails/quiet_assets.rb:13:in `call'
  actionpack (5.0.0) lib/action_dispatch/middleware/request_id.rb:24:in `call'
  rack (2.0.1) lib/rack/method_override.rb:22:in `call'
  rack (2.0.1) lib/rack/runtime.rb:22:in `call'
  activesupport (5.0.0) lib/active_support/cache/strategy/local_cache_middleware.rb:28:in `call'
  actionpack (5.0.0) lib/action_dispatch/middleware/executor.rb:12:in `call'
  actionpack (5.0.0) lib/action_dispatch/middleware/static.rb:136:in `call'
  rack (2.0.1) lib/rack/sendfile.rb:111:in `call'
  railties (5.0.0) lib/rails/engine.rb:522:in `call'
  puma (3.6.0) lib/puma/configuration.rb:225:in `call'
  puma (3.6.0) lib/puma/server.rb:578:in `handle_request'
  puma (3.6.0) lib/puma/server.rb:415:in `process_client'
  puma (3.6.0) lib/puma/server.rb:275:in `block in run'
  puma (3.6.0) lib/puma/thread_pool.rb:116:in `block in spawn_thread'

Started POST "/__better_errors/99288eae6c91cf76/variables" for 127.0.0.1 at 2016-08-08 19:44:17 +0300
Started GET "/" for 127.0.0.1 at 2016-08-08 19:47:58 +0300

PG::ConnectionBad - fe_sendauth: no password supplied
:
  activerecord (5.0.0) lib/active_record/connection_adapters/postgresql_adapter.rb:671:in `initialize'
  activerecord (5.0.0) lib/active_record/connection_adapters/postgresql_adapter.rb:671:in `new'
  activerecord (5.0.0) lib/active_record/connection_adapters/postgresql_adapter.rb:671:in `connect'
  activerecord (5.0.0) lib/active_record/connection_adapters/postgresql_adapter.rb:217:in `initialize'
  activerecord (5.0.0) lib/active_record/connection_adapters/postgresql_adapter.rb:37:in `new'
  activerecord (5.0.0) lib/active_record/connection_adapters/postgresql_adapter.rb:37:in `postgresql_connection'
  activerecord (5.0.0) lib/active_record/connection_adapters/abstract/connection_pool.rb:721:in `new_connection'
  activerecord (5.0.0) lib/active_record/connection_adapters/abstract/connection_pool.rb:765:in `checkout_new_connection'
  activerecord (5.0.0) lib/active_record/connection_adapters/abstract/connection_pool.rb:744:in `try_to_checkout_new_connection'
  activerecord (5.0.0) lib/active_record/connection_adapters/abstract/connection_pool.rb:705:in `acquire_connection'
  activerecord (5.0.0) lib/active_record/connection_adapters/abstract/connection_pool.rb:501:in `checkout'
  activerecord (5.0.0) lib/active_record/connection_adapters/abstract/connection_pool.rb:364:in `connection'
  activerecord (5.0.0) lib/active_record/connection_adapters/abstract/connection_pool.rb:875:in `retrieve_connection'
  activerecord (5.0.0) lib/active_record/connection_handling.rb:128:in `retrieve_connection'
  activerecord (5.0.0) lib/active_record/connection_handling.rb:91:in `connection'
  activerecord (5.0.0) lib/active_record/migration.rb:558:in `connection'
  activerecord (5.0.0) lib/active_record/migration.rb:545:in `call'
  actionpack (5.0.0) lib/action_dispatch/middleware/callbacks.rb:38:in `block in call'
  activesupport (5.0.0) lib/active_support/callbacks.rb:97:in `__run_callbacks__'
  activesupport (5.0.0) lib/active_support/callbacks.rb:750:in `_run_call_callbacks'
  activesupport (5.0.0) lib/active_support/callbacks.rb:90:in `run_callbacks'
  actionpack (5.0.0) lib/action_dispatch/middleware/callbacks.rb:36:in `call'
  actionpack (5.0.0) lib/action_dispatch/middleware/executor.rb:12:in `call'
  actionpack (5.0.0) lib/action_dispatch/middleware/remote_ip.rb:79:in `call'
  better_errors (2.1.1) lib/better_errors/middleware.rb:84:in `protected_app_call'
  better_errors (2.1.1) lib/better_errors/middleware.rb:79:in `better_errors_call'
  better_errors (2.1.1) lib/better_errors/middleware.rb:57:in `call'
  actionpack (5.0.0) lib/action_dispatch/middleware/debug_exceptions.rb:49:in `call'
  web-console (3.3.1) lib/web_console/middleware.rb:131:in `call_app'
  web-console (3.3.1) lib/web_console/middleware.rb:28:in `block in call'
  web-console (3.3.1) lib/web_console/middleware.rb:18:in `catch'
  web-console (3.3.1) lib/web_console/middleware.rb:18:in `call'
  actionpack (5.0.0) lib/action_dispatch/middleware/show_exceptions.rb:31:in `call'
  railties (5.0.0) lib/rails/rack/logger.rb:36:in `call_app'
  railties (5.0.0) lib/rails/rack/logger.rb:24:in `block in call'
  activesupport (5.0.0) lib/active_support/tagged_logging.rb:70:in `block in tagged'
  activesupport (5.0.0) lib/active_support/tagged_logging.rb:26:in `tagged'
  activesupport (5.0.0) lib/active_support/tagged_logging.rb:70:in `tagged'
  railties (5.0.0) lib/rails/rack/logger.rb:24:in `call'
  sprockets-rails (3.1.1) lib/sprockets/rails/quiet_assets.rb:13:in `call'
  actionpack (5.0.0) lib/action_dispatch/middleware/request_id.rb:24:in `call'
  rack (2.0.1) lib/rack/method_override.rb:22:in `call'
  rack (2.0.1) lib/rack/runtime.rb:22:in `call'
  activesupport (5.0.0) lib/active_support/cache/strategy/local_cache_middleware.rb:28:in `call'
  actionpack (5.0.0) lib/action_dispatch/middleware/executor.rb:12:in `call'
  actionpack (5.0.0) lib/action_dispatch/middleware/static.rb:136:in `call'
  rack (2.0.1) lib/rack/sendfile.rb:111:in `call'
  railties (5.0.0) lib/rails/engine.rb:522:in `call'
  puma (3.6.0) lib/puma/configuration.rb:225:in `call'
  puma (3.6.0) lib/puma/server.rb:578:in `handle_request'
  puma (3.6.0) lib/puma/server.rb:415:in `process_client'
  puma (3.6.0) lib/puma/server.rb:275:in `block in run'
  puma (3.6.0) lib/puma/thread_pool.rb:116:in `block in spawn_thread'

Started GET "/" for 127.0.0.1 at 2016-08-08 19:48:30 +0300
DEPRECATION WARNING: #original_exception is deprecated. Use #cause instead. (called from initialize at /home/hoofoo/.rvm/gems/ruby-2.3.1/gems/better_errors-2.1.1/lib/better_errors/raised_exception.rb:7)
DEPRECATION WARNING: #original_exception is deprecated. Use #cause instead. (called from initialize at /home/hoofoo/.rvm/gems/ruby-2.3.1/gems/better_errors-2.1.1/lib/better_errors/raised_exception.rb:8)

PG::ConnectionBad - FATAL:  database "db/valucon-test-development" does not exist
:
  activerecord (5.0.0) lib/active_record/connection_adapters/postgresql_adapter.rb:671:in `initialize'
  activerecord (5.0.0) lib/active_record/connection_adapters/postgresql_adapter.rb:671:in `new'
  activerecord (5.0.0) lib/active_record/connection_adapters/postgresql_adapter.rb:671:in `connect'
  activerecord (5.0.0) lib/active_record/connection_adapters/postgresql_adapter.rb:217:in `initialize'
  activerecord (5.0.0) lib/active_record/connection_adapters/postgresql_adapter.rb:37:in `new'
  activerecord (5.0.0) lib/active_record/connection_adapters/postgresql_adapter.rb:37:in `postgresql_connection'
  activerecord (5.0.0) lib/active_record/connection_adapters/abstract/connection_pool.rb:721:in `new_connection'
  activerecord (5.0.0) lib/active_record/connection_adapters/abstract/connection_pool.rb:765:in `checkout_new_connection'
  activerecord (5.0.0) lib/active_record/connection_adapters/abstract/connection_pool.rb:744:in `try_to_checkout_new_connection'
  activerecord (5.0.0) lib/active_record/connection_adapters/abstract/connection_pool.rb:705:in `acquire_connection'
  activerecord (5.0.0) lib/active_record/connection_adapters/abstract/connection_pool.rb:501:in `checkout'
  activerecord (5.0.0) lib/active_record/connection_adapters/abstract/connection_pool.rb:364:in `connection'
  activerecord (5.0.0) lib/active_record/connection_adapters/abstract/connection_pool.rb:875:in `retrieve_connection'
  activerecord (5.0.0) lib/active_record/connection_handling.rb:128:in `retrieve_connection'
  activerecord (5.0.0) lib/active_record/connection_handling.rb:91:in `connection'
  activerecord (5.0.0) lib/active_record/migration.rb:558:in `connection'
  activerecord (5.0.0) lib/active_record/migration.rb:545:in `call'
  actionpack (5.0.0) lib/action_dispatch/middleware/callbacks.rb:38:in `block in call'
  activesupport (5.0.0) lib/active_support/callbacks.rb:97:in `__run_callbacks__'
  activesupport (5.0.0) lib/active_support/callbacks.rb:750:in `_run_call_callbacks'
  activesupport (5.0.0) lib/active_support/callbacks.rb:90:in `run_callbacks'
  actionpack (5.0.0) lib/action_dispatch/middleware/callbacks.rb:36:in `call'
  actionpack (5.0.0) lib/action_dispatch/middleware/executor.rb:12:in `call'
  actionpack (5.0.0) lib/action_dispatch/middleware/remote_ip.rb:79:in `call'
  better_errors (2.1.1) lib/better_errors/middleware.rb:84:in `protected_app_call'
  better_errors (2.1.1) lib/better_errors/middleware.rb:79:in `better_errors_call'
  better_errors (2.1.1) lib/better_errors/middleware.rb:57:in `call'
  actionpack (5.0.0) lib/action_dispatch/middleware/debug_exceptions.rb:49:in `call'
  web-console (3.3.1) lib/web_console/middleware.rb:131:in `call_app'
  web-console (3.3.1) lib/web_console/middleware.rb:28:in `block in call'
  web-console (3.3.1) lib/web_console/middleware.rb:18:in `catch'
  web-console (3.3.1) lib/web_console/middleware.rb:18:in `call'
  actionpack (5.0.0) lib/action_dispatch/middleware/show_exceptions.rb:31:in `call'
  railties (5.0.0) lib/rails/rack/logger.rb:36:in `call_app'
  railties (5.0.0) lib/rails/rack/logger.rb:24:in `block in call'
  activesupport (5.0.0) lib/active_support/tagged_logging.rb:70:in `block in tagged'
  activesupport (5.0.0) lib/active_support/tagged_logging.rb:26:in `tagged'
  activesupport (5.0.0) lib/active_support/tagged_logging.rb:70:in `tagged'
  railties (5.0.0) lib/rails/rack/logger.rb:24:in `call'
  sprockets-rails (3.1.1) lib/sprockets/rails/quiet_assets.rb:13:in `call'
  actionpack (5.0.0) lib/action_dispatch/middleware/request_id.rb:24:in `call'
  rack (2.0.1) lib/rack/method_override.rb:22:in `call'
  rack (2.0.1) lib/rack/runtime.rb:22:in `call'
  activesupport (5.0.0) lib/active_support/cache/strategy/local_cache_middleware.rb:28:in `call'
  actionpack (5.0.0) lib/action_dispatch/middleware/executor.rb:12:in `call'
  actionpack (5.0.0) lib/action_dispatch/middleware/static.rb:136:in `call'
  rack (2.0.1) lib/rack/sendfile.rb:111:in `call'
  railties (5.0.0) lib/rails/engine.rb:522:in `call'
  puma (3.6.0) lib/puma/configuration.rb:225:in `call'
  puma (3.6.0) lib/puma/server.rb:578:in `handle_request'
  puma (3.6.0) lib/puma/server.rb:415:in `process_client'
  puma (3.6.0) lib/puma/server.rb:275:in `block in run'
  puma (3.6.0) lib/puma/thread_pool.rb:116:in `block in spawn_thread'

Started GET "/" for 127.0.0.1 at 2016-08-08 19:55:54 +0300
DEPRECATION WARNING: #original_exception is deprecated. Use #cause instead. (called from initialize at /home/hoofoo/.rvm/gems/ruby-2.3.1/gems/better_errors-2.1.1/lib/better_errors/raised_exception.rb:7)
DEPRECATION WARNING: #original_exception is deprecated. Use #cause instead. (called from initialize at /home/hoofoo/.rvm/gems/ruby-2.3.1/gems/better_errors-2.1.1/lib/better_errors/raised_exception.rb:8)

PG::ConnectionBad - FATAL:  database "db/valucon_test_development" does not exist
:
  activerecord (5.0.0) lib/active_record/connection_adapters/postgresql_adapter.rb:671:in `initialize'
  activerecord (5.0.0) lib/active_record/connection_adapters/postgresql_adapter.rb:671:in `new'
  activerecord (5.0.0) lib/active_record/connection_adapters/postgresql_adapter.rb:671:in `connect'
  activerecord (5.0.0) lib/active_record/connection_adapters/postgresql_adapter.rb:217:in `initialize'
  activerecord (5.0.0) lib/active_record/connection_adapters/postgresql_adapter.rb:37:in `new'
  activerecord (5.0.0) lib/active_record/connection_adapters/postgresql_adapter.rb:37:in `postgresql_connection'
  activerecord (5.0.0) lib/active_record/connection_adapters/abstract/connection_pool.rb:721:in `new_connection'
  activerecord (5.0.0) lib/active_record/connection_adapters/abstract/connection_pool.rb:765:in `checkout_new_connection'
  activerecord (5.0.0) lib/active_record/connection_adapters/abstract/connection_pool.rb:744:in `try_to_checkout_new_connection'
  activerecord (5.0.0) lib/active_record/connection_adapters/abstract/connection_pool.rb:705:in `acquire_connection'
  activerecord (5.0.0) lib/active_record/connection_adapters/abstract/connection_pool.rb:501:in `checkout'
  activerecord (5.0.0) lib/active_record/connection_adapters/abstract/connection_pool.rb:364:in `connection'
  activerecord (5.0.0) lib/active_record/connection_adapters/abstract/connection_pool.rb:875:in `retrieve_connection'
  activerecord (5.0.0) lib/active_record/connection_handling.rb:128:in `retrieve_connection'
  activerecord (5.0.0) lib/active_record/connection_handling.rb:91:in `connection'
  activerecord (5.0.0) lib/active_record/migration.rb:558:in `connection'
  activerecord (5.0.0) lib/active_record/migration.rb:545:in `call'
  actionpack (5.0.0) lib/action_dispatch/middleware/callbacks.rb:38:in `block in call'
  activesupport (5.0.0) lib/active_support/callbacks.rb:97:in `__run_callbacks__'
  activesupport (5.0.0) lib/active_support/callbacks.rb:750:in `_run_call_callbacks'
  activesupport (5.0.0) lib/active_support/callbacks.rb:90:in `run_callbacks'
  actionpack (5.0.0) lib/action_dispatch/middleware/callbacks.rb:36:in `call'
  actionpack (5.0.0) lib/action_dispatch/middleware/executor.rb:12:in `call'
  actionpack (5.0.0) lib/action_dispatch/middleware/remote_ip.rb:79:in `call'
  better_errors (2.1.1) lib/better_errors/middleware.rb:84:in `protected_app_call'
  better_errors (2.1.1) lib/better_errors/middleware.rb:79:in `better_errors_call'
  better_errors (2.1.1) lib/better_errors/middleware.rb:57:in `call'
  actionpack (5.0.0) lib/action_dispatch/middleware/debug_exceptions.rb:49:in `call'
  web-console (3.3.1) lib/web_console/middleware.rb:131:in `call_app'
  web-console (3.3.1) lib/web_console/middleware.rb:28:in `block in call'
  web-console (3.3.1) lib/web_console/middleware.rb:18:in `catch'
  web-console (3.3.1) lib/web_console/middleware.rb:18:in `call'
  actionpack (5.0.0) lib/action_dispatch/middleware/show_exceptions.rb:31:in `call'
  railties (5.0.0) lib/rails/rack/logger.rb:36:in `call_app'
  railties (5.0.0) lib/rails/rack/logger.rb:24:in `block in call'
  activesupport (5.0.0) lib/active_support/tagged_logging.rb:70:in `block in tagged'
  activesupport (5.0.0) lib/active_support/tagged_logging.rb:26:in `tagged'
  activesupport (5.0.0) lib/active_support/tagged_logging.rb:70:in `tagged'
  railties (5.0.0) lib/rails/rack/logger.rb:24:in `call'
  sprockets-rails (3.1.1) lib/sprockets/rails/quiet_assets.rb:13:in `call'
  actionpack (5.0.0) lib/action_dispatch/middleware/request_id.rb:24:in `call'
  rack (2.0.1) lib/rack/method_override.rb:22:in `call'
  rack (2.0.1) lib/rack/runtime.rb:22:in `call'
  activesupport (5.0.0) lib/active_support/cache/strategy/local_cache_middleware.rb:28:in `call'
  actionpack (5.0.0) lib/action_dispatch/middleware/executor.rb:12:in `call'
  actionpack (5.0.0) lib/action_dispatch/middleware/static.rb:136:in `call'
  rack (2.0.1) lib/rack/sendfile.rb:111:in `call'
  railties (5.0.0) lib/rails/engine.rb:522:in `call'
  puma (3.6.0) lib/puma/configuration.rb:225:in `call'
  puma (3.6.0) lib/puma/server.rb:578:in `handle_request'
  puma (3.6.0) lib/puma/server.rb:415:in `process_client'
  puma (3.6.0) lib/puma/server.rb:275:in `block in run'
  puma (3.6.0) lib/puma/thread_pool.rb:116:in `block in spawn_thread'

Started GET "/" for 127.0.0.1 at 2016-08-08 19:56:15 +0300
Processing by IndexController#index as HTML
  Rendering index/index.html.haml within layouts/application
  Rendered index/index.html.haml within layouts/application (2.7ms)
Completed 200 OK in 307ms (Views: 292.4ms | ActiveRecord: 0.0ms)


  [1m[35m (25.4ms)[0m  [1m[35mCREATE TABLE "schema_migrations" ("version" character varying PRIMARY KEY)[0m
  [1m[35m (9.8ms)[0m  [1m[35mCREATE TABLE "ar_internal_metadata" ("key" character varying PRIMARY KEY, "value" character varying, "created_at" timestamp NOT NULL, "updated_at" timestamp NOT NULL)[0m
  [1m[35m (0.4ms)[0m  [1m[34mSELECT pg_try_advisory_lock(4539315695694849615);[0m
  [1m[36mActiveRecord::SchemaMigration Load (0.5ms)[0m  [1m[34mSELECT "schema_migrations".* FROM "schema_migrations"[0m
Migrating to CreateUsers (20160809124955)
  [1m[35m (0.2ms)[0m  [1m[35mBEGIN[0m
  [1m[35m (11.3ms)[0m  [1m[35mCREATE TABLE "users" ("id" serial primary key, "email" character varying, "password_digest" character varying, "role" character varying, "created_at" timestamp NOT NULL, "updated_at" timestamp NOT NULL)[0m
  [1m[35mSQL (0.5ms)[0m  [1m[32mINSERT INTO "schema_migrations" ("version") VALUES ($1) RETURNING "version"[0m  [["version", "20160809124955"]]
  [1m[35m (1.6ms)[0m  [1m[35mCOMMIT[0m
Migrating to CreateTasks (20160812152050)
  [1m[35m (0.2ms)[0m  [1m[35mBEGIN[0m
  [1m[35m (11.8ms)[0m  [1m[35mCREATE TABLE "tasks" ("id" serial primary key, "user_id" integer, "name" character varying, "file" character varying, "description" text, "state" character varying, "created_at" timestamp NOT NULL, "updated_at" timestamp NOT NULL, CONSTRAINT "fk_rails_4d2a9e4d7e"
FOREIGN KEY ("user_id")
  REFERENCES "users" ("id")
)[0m
  [1m[35m (3.5ms)[0m  [1m[35mCREATE  INDEX  "index_tasks_on_user_id" ON "tasks"  ("user_id")[0m
  [1m[35mSQL (0.3ms)[0m  [1m[32mINSERT INTO "schema_migrations" ("version") VALUES ($1) RETURNING "version"[0m  [["version", "20160812152050"]]
  [1m[35m (1.7ms)[0m  [1m[35mCOMMIT[0m
  [1m[36mActiveRecord::InternalMetadata Load (0.7ms)[0m  [1m[34mSELECT  "ar_internal_metadata".* FROM "ar_internal_metadata" WHERE "ar_internal_metadata"."key" = $1 LIMIT $2[0m  [["key", :environment], ["LIMIT", 1]]
  [1m[35m (0.2ms)[0m  [1m[35mBEGIN[0m
  [1m[35mSQL (0.4ms)[0m  [1m[32mINSERT INTO "ar_internal_metadata" ("key", "value", "created_at", "updated_at") VALUES ($1, $2, $3, $4) RETURNING "key"[0m  [["key", "environment"], ["value", "development"], ["created_at", 2016-08-12 16:59:58 UTC], ["updated_at", 2016-08-12 16:59:58 UTC]]
  [1m[35m (1.5ms)[0m  [1m[35mCOMMIT[0m
  [1m[35m (0.2ms)[0m  [1m[34mSELECT pg_advisory_unlock(4539315695694849615)[0m
  [1m[36mActiveRecord::SchemaMigration Load (0.3ms)[0m  [1m[34mSELECT "schema_migrations".* FROM "schema_migrations"[0m
  [1m[35m (3.3ms)[0m  [1m[34mSELECT t2.oid::regclass::text AS to_table, a1.attname AS column, a2.attname AS primary_key, c.conname AS name, c.confupdtype AS on_update, c.confdeltype AS on_delete
FROM pg_constraint c
JOIN pg_class t1 ON c.conrelid = t1.oid
JOIN pg_class t2 ON c.confrelid = t2.oid
JOIN pg_attribute a1 ON a1.attnum = c.conkey[1] AND a1.attrelid = t1.oid
JOIN pg_attribute a2 ON a2.attnum = c.confkey[1] AND a2.attrelid = t2.oid
JOIN pg_namespace t3 ON c.connamespace = t3.oid
WHERE c.contype = 'f'
  AND t1.relname = 'tasks'
  AND t3.nspname = ANY (current_schemas(false))
ORDER BY c.conname
[0m
  [1m[35m (2.1ms)[0m  [1m[34mSELECT t2.oid::regclass::text AS to_table, a1.attname AS column, a2.attname AS primary_key, c.conname AS name, c.confupdtype AS on_update, c.confdeltype AS on_delete
FROM pg_constraint c
JOIN pg_class t1 ON c.conrelid = t1.oid
JOIN pg_class t2 ON c.confrelid = t2.oid
JOIN pg_attribute a1 ON a1.attnum = c.conkey[1] AND a1.attrelid = t1.oid
JOIN pg_attribute a2 ON a2.attnum = c.confkey[1] AND a2.attrelid = t2.oid
JOIN pg_namespace t3 ON c.connamespace = t3.oid
WHERE c.contype = 'f'
  AND t1.relname = 'users'
  AND t3.nspname = ANY (current_schemas(false))
ORDER BY c.conname
[0m
